2022-06-23 10:54:32.100 INFO     [main]:fr.gouv.esante.smt.owl.ClamOwlTransformer - creation ontologie structure
2022-06-23 10:54:32.171 INFO     [main]:fr.gouv.esante.smt.owl.ClamOwlTransformer - ajout ontologie IRI
2022-06-23 10:54:34.260 WARN     [main]:fr.gouv.esante.smt.owl.ClamOwlTransformer - Ignoring non-String label contents on Label (Table)
2022-06-23 10:54:34.854 WARN     [main]:fr.gouv.esante.smt.owl.ClamOwlTransformer - Unrecognized Term class:superscript
2022-06-23 10:54:34.856 WARN     [main]:fr.gouv.esante.smt.owl.ClamOwlTransformer - Unrecognized Term class:superscript
2022-06-23 10:54:35.079 WARN     [main]:fr.gouv.esante.smt.owl.ClamOwlTransformer - Unrecognized Term class:Zinkl
2022-06-23 10:54:35.247 WARN     [main]:fr.gouv.esante.smt.owl.ClamOwlTransformer - Unrecognized Term class:Zinkl
2022-06-23 10:54:35.247 WARN     [main]:fr.gouv.esante.smt.owl.ClamOwlTransformer - Unrecognized Term class:Zinkl
2022-06-23 10:54:35.247 WARN     [main]:fr.gouv.esante.smt.owl.ClamOwlTransformer - Unrecognized Term class:Zinkl
2022-06-23 10:54:35.247 WARN     [main]:fr.gouv.esante.smt.owl.ClamOwlTransformer - Unrecognized Term class:Zinkl
2022-06-23 10:54:35.248 WARN     [main]:fr.gouv.esante.smt.owl.ClamOwlTransformer - Unrecognized Term class:Zinkl
2022-06-23 10:54:35.248 WARN     [main]:fr.gouv.esante.smt.owl.ClamOwlTransformer - Unrecognized Term class:Zinkl
2022-06-23 10:54:35.248 WARN     [main]:fr.gouv.esante.smt.owl.ClamOwlTransformer - Unrecognized Term class:Zinkl
2022-06-23 10:54:35.248 WARN     [main]:fr.gouv.esante.smt.owl.ClamOwlTransformer - Unrecognized Term class:Zinkl
2022-06-23 10:54:35.249 WARN     [main]:fr.gouv.esante.smt.owl.ClamOwlTransformer - Unrecognized Term class:Zinkl
2022-06-23 10:54:35.249 WARN     [main]:fr.gouv.esante.smt.owl.ClamOwlTransformer - Unrecognized Term class:Zinkl
2022-06-23 10:54:35.251 WARN     [main]:fr.gouv.esante.smt.owl.ClamOwlTransformer - Unrecognized Term class:Zinkl
2022-06-23 10:54:35.251 WARN     [main]:fr.gouv.esante.smt.owl.ClamOwlTransformer - Unrecognized Term class:Zinkl
2022-06-23 10:54:35.251 WARN     [main]:fr.gouv.esante.smt.owl.ClamOwlTransformer - Unrecognized Term class:Zinkl
2022-06-23 10:54:35.251 WARN     [main]:fr.gouv.esante.smt.owl.ClamOwlTransformer - Unrecognized Term class:Zinkl
2022-06-23 10:54:35.252 WARN     [main]:fr.gouv.esante.smt.owl.ClamOwlTransformer - Unrecognized Term class:Zinkl
2022-06-23 10:54:35.252 WARN     [main]:fr.gouv.esante.smt.owl.ClamOwlTransformer - Unrecognized Term class:Zinkl
2022-06-23 10:54:35.253 WARN     [main]:fr.gouv.esante.smt.owl.ClamOwlTransformer - Unrecognized Term class:Zinkl
2022-06-23 10:54:35.253 WARN     [main]:fr.gouv.esante.smt.owl.ClamOwlTransformer - Unrecognized Term class:Zinkl
2022-06-23 10:54:35.253 WARN     [main]:fr.gouv.esante.smt.owl.ClamOwlTransformer - Unrecognized Term class:Zinkl
2022-06-23 10:54:35.253 WARN     [main]:fr.gouv.esante.smt.owl.ClamOwlTransformer - Unrecognized Term class:Zinkl
2022-06-23 10:54:35.253 WARN     [main]:fr.gouv.esante.smt.owl.ClamOwlTransformer - Unrecognized Term class:Zinkl
2022-06-23 10:54:35.443 INFO     [main]:fr.gouv.esante.smt.owl.ClamOwlTransformer - creation class code
2022-06-23 10:54:36.178 INFO     [main]:fr.gouv.esante.smt.owl.ClamOwlTransformer - ajout ontologie metadonnées
2023-06-22 15:08:12.108 INFO     [main]:fr.gouv.esante.smt.owl.ClamOwlTransformer - creation ontologie structure
2023-06-22 15:08:12.233 INFO     [main]:fr.gouv.esante.smt.owl.ClamOwlTransformer - ajout ontologie IRI
2023-06-22 15:08:14.354 WARN     [main]:fr.gouv.esante.smt.owl.ClamOwlTransformer - Ignoring non-String label contents on Label (Table)
2023-06-22 15:08:14.909 WARN     [main]:fr.gouv.esante.smt.owl.ClamOwlTransformer - Unrecognized Term class:superscript
2023-06-22 15:08:14.910 WARN     [main]:fr.gouv.esante.smt.owl.ClamOwlTransformer - Unrecognized Term class:superscript
2023-06-22 15:08:15.118 WARN     [main]:fr.gouv.esante.smt.owl.ClamOwlTransformer - Unrecognized Term class:Zinkl
2023-06-22 15:08:15.280 WARN     [main]:fr.gouv.esante.smt.owl.ClamOwlTransformer - Unrecognized Term class:Zinkl
2023-06-22 15:08:15.281 WARN     [main]:fr.gouv.esante.smt.owl.ClamOwlTransformer - Unrecognized Term class:Zinkl
2023-06-22 15:08:15.281 WARN     [main]:fr.gouv.esante.smt.owl.ClamOwlTransformer - Unrecognized Term class:Zinkl
2023-06-22 15:08:15.281 WARN     [main]:fr.gouv.esante.smt.owl.ClamOwlTransformer - Unrecognized Term class:Zinkl
2023-06-22 15:08:15.281 WARN     [main]:fr.gouv.esante.smt.owl.ClamOwlTransformer - Unrecognized Term class:Zinkl
2023-06-22 15:08:15.282 WARN     [main]:fr.gouv.esante.smt.owl.ClamOwlTransformer - Unrecognized Term class:Zinkl
2023-06-22 15:08:15.282 WARN     [main]:fr.gouv.esante.smt.owl.ClamOwlTransformer - Unrecognized Term class:Zinkl
2023-06-22 15:08:15.282 WARN     [main]:fr.gouv.esante.smt.owl.ClamOwlTransformer - Unrecognized Term class:Zinkl
2023-06-22 15:08:15.282 WARN     [main]:fr.gouv.esante.smt.owl.ClamOwlTransformer - Unrecognized Term class:Zinkl
2023-06-22 15:08:15.283 WARN     [main]:fr.gouv.esante.smt.owl.ClamOwlTransformer - Unrecognized Term class:Zinkl
2023-06-22 15:08:15.284 WARN     [main]:fr.gouv.esante.smt.owl.ClamOwlTransformer - Unrecognized Term class:Zinkl
2023-06-22 15:08:15.284 WARN     [main]:fr.gouv.esante.smt.owl.ClamOwlTransformer - Unrecognized Term class:Zinkl
2023-06-22 15:08:15.284 WARN     [main]:fr.gouv.esante.smt.owl.ClamOwlTransformer - Unrecognized Term class:Zinkl
2023-06-22 15:08:15.285 WARN     [main]:fr.gouv.esante.smt.owl.ClamOwlTransformer - Unrecognized Term class:Zinkl
2023-06-22 15:08:15.285 WARN     [main]:fr.gouv.esante.smt.owl.ClamOwlTransformer - Unrecognized Term class:Zinkl
2023-06-22 15:08:15.285 WARN     [main]:fr.gouv.esante.smt.owl.ClamOwlTransformer - Unrecognized Term class:Zinkl
2023-06-22 15:08:15.285 WARN     [main]:fr.gouv.esante.smt.owl.ClamOwlTransformer - Unrecognized Term class:Zinkl
2023-06-22 15:08:15.285 WARN     [main]:fr.gouv.esante.smt.owl.ClamOwlTransformer - Unrecognized Term class:Zinkl
2023-06-22 15:08:15.286 WARN     [main]:fr.gouv.esante.smt.owl.ClamOwlTransformer - Unrecognized Term class:Zinkl
2023-06-22 15:08:15.287 WARN     [main]:fr.gouv.esante.smt.owl.ClamOwlTransformer - Unrecognized Term class:Zinkl
2023-06-22 15:08:15.287 WARN     [main]:fr.gouv.esante.smt.owl.ClamOwlTransformer - Unrecognized Term class:Zinkl
2023-06-22 15:08:15.487 INFO     [main]:fr.gouv.esante.smt.owl.ClamOwlTransformer - creation class code
2023-06-22 15:08:16.168 INFO     [main]:fr.gouv.esante.smt.owl.ClamOwlTransformer - ajout ontologie metadonnées
2023-06-22 15:29:43.160 INFO     [main]:fr.gouv.esante.smt.owl.ClamOwlTransformer - creation ontologie structure
2023-06-22 15:29:43.219 INFO     [main]:fr.gouv.esante.smt.owl.ClamOwlTransformer - ajout ontologie IRI
2023-06-22 15:29:45.033 WARN     [main]:fr.gouv.esante.smt.owl.ClamOwlTransformer - Ignoring non-String label contents on Label (Table)
2023-06-22 15:29:45.568 WARN     [main]:fr.gouv.esante.smt.owl.ClamOwlTransformer - Unrecognized Term class:superscript
2023-06-22 15:29:45.569 WARN     [main]:fr.gouv.esante.smt.owl.ClamOwlTransformer - Unrecognized Term class:superscript
2023-06-22 15:29:45.944 WARN     [main]:fr.gouv.esante.smt.owl.ClamOwlTransformer - Unrecognized Term class:Zinkl
2023-06-22 15:29:45.944 WARN     [main]:fr.gouv.esante.smt.owl.ClamOwlTransformer - Unrecognized Term class:Zinkl
2023-06-22 15:29:45.944 WARN     [main]:fr.gouv.esante.smt.owl.ClamOwlTransformer - Unrecognized Term class:Zinkl
2023-06-22 15:29:45.945 WARN     [main]:fr.gouv.esante.smt.owl.ClamOwlTransformer - Unrecognized Term class:Zinkl
2023-06-22 15:29:45.945 WARN     [main]:fr.gouv.esante.smt.owl.ClamOwlTransformer - Unrecognized Term class:Zinkl
2023-06-22 15:29:45.945 WARN     [main]:fr.gouv.esante.smt.owl.ClamOwlTransformer - Unrecognized Term class:Zinkl
2023-06-22 15:29:45.945 WARN     [main]:fr.gouv.esante.smt.owl.ClamOwlTransformer - Unrecognized Term class:Zinkl
2023-06-22 15:29:45.946 WARN     [main]:fr.gouv.esante.smt.owl.ClamOwlTransformer - Unrecognized Term class:Zinkl
2023-06-22 15:29:45.946 WARN     [main]:fr.gouv.esante.smt.owl.ClamOwlTransformer - Unrecognized Term class:Zinkl
2023-06-22 15:29:45.946 WARN     [main]:fr.gouv.esante.smt.owl.ClamOwlTransformer - Unrecognized Term class:Zinkl
2023-06-22 15:29:45.947 WARN     [main]:fr.gouv.esante.smt.owl.ClamOwlTransformer - Unrecognized Term class:Zinkl
2023-06-22 15:29:45.948 WARN     [main]:fr.gouv.esante.smt.owl.ClamOwlTransformer - Unrecognized Term class:Zinkl
2023-06-22 15:29:45.948 WARN     [main]:fr.gouv.esante.smt.owl.ClamOwlTransformer - Unrecognized Term class:Zinkl
2023-06-22 15:29:45.949 WARN     [main]:fr.gouv.esante.smt.owl.ClamOwlTransformer - Unrecognized Term class:Zinkl
2023-06-22 15:29:45.949 WARN     [main]:fr.gouv.esante.smt.owl.ClamOwlTransformer - Unrecognized Term class:Zinkl
2023-06-22 15:29:45.950 WARN     [main]:fr.gouv.esante.smt.owl.ClamOwlTransformer - Unrecognized Term class:Zinkl
2023-06-22 15:29:45.950 WARN     [main]:fr.gouv.esante.smt.owl.ClamOwlTransformer - Unrecognized Term class:Zinkl
2023-06-22 15:29:45.950 WARN     [main]:fr.gouv.esante.smt.owl.ClamOwlTransformer - Unrecognized Term class:Zinkl
2023-06-22 15:29:45.950 WARN     [main]:fr.gouv.esante.smt.owl.ClamOwlTransformer - Unrecognized Term class:Zinkl
2023-06-22 15:29:45.951 WARN     [main]:fr.gouv.esante.smt.owl.ClamOwlTransformer - Unrecognized Term class:Zinkl
2023-06-22 15:29:45.951 WARN     [main]:fr.gouv.esante.smt.owl.ClamOwlTransformer - Unrecognized Term class:Zinkl
2023-06-22 15:29:46.164 INFO     [main]:fr.gouv.esante.smt.owl.ClamOwlTransformer - creation class code
2023-06-22 15:29:46.842 INFO     [main]:fr.gouv.esante.smt.owl.ClamOwlTransformer - ajout ontologie metadonnées
2023-07-17 09:27:53.830 INFO     [main]:fr.gouv.esante.smt.owl.ClamOwlTransformer - creation ontologie structure
2023-07-17 09:27:53.951 INFO     [main]:fr.gouv.esante.smt.owl.ClamOwlTransformer - ajout ontologie IRI
2023-07-17 09:27:56.163 WARN     [main]:fr.gouv.esante.smt.owl.ClamOwlTransformer - Ignoring non-String label contents on Label (Table)
2023-07-17 09:27:56.699 WARN     [main]:fr.gouv.esante.smt.owl.ClamOwlTransformer - Unrecognized Term class:superscript
2023-07-17 09:27:56.699 WARN     [main]:fr.gouv.esante.smt.owl.ClamOwlTransformer - Unrecognized Term class:superscript
2023-07-17 09:27:57.111 WARN     [main]:fr.gouv.esante.smt.owl.ClamOwlTransformer - Unrecognized Term class:Zinkl
2023-07-17 09:27:57.112 WARN     [main]:fr.gouv.esante.smt.owl.ClamOwlTransformer - Unrecognized Term class:Zinkl
2023-07-17 09:27:57.113 WARN     [main]:fr.gouv.esante.smt.owl.ClamOwlTransformer - Unrecognized Term class:Zinkl
2023-07-17 09:27:57.113 WARN     [main]:fr.gouv.esante.smt.owl.ClamOwlTransformer - Unrecognized Term class:Zinkl
2023-07-17 09:27:57.113 WARN     [main]:fr.gouv.esante.smt.owl.ClamOwlTransformer - Unrecognized Term class:Zinkl
2023-07-17 09:27:57.113 WARN     [main]:fr.gouv.esante.smt.owl.ClamOwlTransformer - Unrecognized Term class:Zinkl
2023-07-17 09:27:57.114 WARN     [main]:fr.gouv.esante.smt.owl.ClamOwlTransformer - Unrecognized Term class:Zinkl
2023-07-17 09:27:57.114 WARN     [main]:fr.gouv.esante.smt.owl.ClamOwlTransformer - Unrecognized Term class:Zinkl
2023-07-17 09:27:57.114 WARN     [main]:fr.gouv.esante.smt.owl.ClamOwlTransformer - Unrecognized Term class:Zinkl
2023-07-17 09:27:57.115 WARN     [main]:fr.gouv.esante.smt.owl.ClamOwlTransformer - Unrecognized Term class:Zinkl
2023-07-17 09:27:57.115 WARN     [main]:fr.gouv.esante.smt.owl.ClamOwlTransformer - Unrecognized Term class:Zinkl
2023-07-17 09:27:57.117 WARN     [main]:fr.gouv.esante.smt.owl.ClamOwlTransformer - Unrecognized Term class:Zinkl
2023-07-17 09:27:57.117 WARN     [main]:fr.gouv.esante.smt.owl.ClamOwlTransformer - Unrecognized Term class:Zinkl
2023-07-17 09:27:57.117 WARN     [main]:fr.gouv.esante.smt.owl.ClamOwlTransformer - Unrecognized Term class:Zinkl
2023-07-17 09:27:57.118 WARN     [main]:fr.gouv.esante.smt.owl.ClamOwlTransformer - Unrecognized Term class:Zinkl
2023-07-17 09:27:57.118 WARN     [main]:fr.gouv.esante.smt.owl.ClamOwlTransformer - Unrecognized Term class:Zinkl
2023-07-17 09:27:57.126 WARN     [main]:fr.gouv.esante.smt.owl.ClamOwlTransformer - Unrecognized Term class:Zinkl
2023-07-17 09:27:57.127 WARN     [main]:fr.gouv.esante.smt.owl.ClamOwlTransformer - Unrecognized Term class:Zinkl
2023-07-17 09:27:57.128 WARN     [main]:fr.gouv.esante.smt.owl.ClamOwlTransformer - Unrecognized Term class:Zinkl
2023-07-17 09:27:57.128 WARN     [main]:fr.gouv.esante.smt.owl.ClamOwlTransformer - Unrecognized Term class:Zinkl
2023-07-17 09:27:57.128 WARN     [main]:fr.gouv.esante.smt.owl.ClamOwlTransformer - Unrecognized Term class:Zinkl
2023-07-17 09:27:57.327 INFO     [main]:fr.gouv.esante.smt.owl.ClamOwlTransformer - creation class code
2023-07-17 09:27:58.106 INFO     [main]:fr.gouv.esante.smt.owl.ClamOwlTransformer - ajout ontologie metadonnées
2023-07-19 11:38:56.475 INFO     [main]:fr.gouv.esante.smt.owl.ClamOwlTransformer - creation ontologie structure
2023-07-19 11:38:56.531 INFO     [main]:fr.gouv.esante.smt.owl.ClamOwlTransformer - ajout ontologie IRI
2023-07-19 11:38:57.750 WARN     [main]:fr.gouv.esante.smt.owl.ClamOwlTransformer - Ignoring non-String label contents on Label (Table)
2023-07-19 11:38:58.072 WARN     [main]:fr.gouv.esante.smt.owl.ClamOwlTransformer - Unrecognized Term class:superscript
2023-07-19 11:38:58.072 WARN     [main]:fr.gouv.esante.smt.owl.ClamOwlTransformer - Unrecognized Term class:superscript
2023-07-19 11:38:58.301 WARN     [main]:fr.gouv.esante.smt.owl.ClamOwlTransformer - Unrecognized Term class:Zinkl
2023-07-19 11:38:58.302 WARN     [main]:fr.gouv.esante.smt.owl.ClamOwlTransformer - Unrecognized Term class:Zinkl
2023-07-19 11:38:58.302 WARN     [main]:fr.gouv.esante.smt.owl.ClamOwlTransformer - Unrecognized Term class:Zinkl
2023-07-19 11:38:58.302 WARN     [main]:fr.gouv.esante.smt.owl.ClamOwlTransformer - Unrecognized Term class:Zinkl
2023-07-19 11:38:58.302 WARN     [main]:fr.gouv.esante.smt.owl.ClamOwlTransformer - Unrecognized Term class:Zinkl
2023-07-19 11:38:58.302 WARN     [main]:fr.gouv.esante.smt.owl.ClamOwlTransformer - Unrecognized Term class:Zinkl
2023-07-19 11:38:58.302 WARN     [main]:fr.gouv.esante.smt.owl.ClamOwlTransformer - Unrecognized Term class:Zinkl
2023-07-19 11:38:58.302 WARN     [main]:fr.gouv.esante.smt.owl.ClamOwlTransformer - Unrecognized Term class:Zinkl
2023-07-19 11:38:58.303 WARN     [main]:fr.gouv.esante.smt.owl.ClamOwlTransformer - Unrecognized Term class:Zinkl
2023-07-19 11:38:58.303 WARN     [main]:fr.gouv.esante.smt.owl.ClamOwlTransformer - Unrecognized Term class:Zinkl
2023-07-19 11:38:58.303 WARN     [main]:fr.gouv.esante.smt.owl.ClamOwlTransformer - Unrecognized Term class:Zinkl
2023-07-19 11:38:58.304 WARN     [main]:fr.gouv.esante.smt.owl.ClamOwlTransformer - Unrecognized Term class:Zinkl
2023-07-19 11:38:58.304 WARN     [main]:fr.gouv.esante.smt.owl.ClamOwlTransformer - Unrecognized Term class:Zinkl
2023-07-19 11:38:58.304 WARN     [main]:fr.gouv.esante.smt.owl.ClamOwlTransformer - Unrecognized Term class:Zinkl
2023-07-19 11:38:58.304 WARN     [main]:fr.gouv.esante.smt.owl.ClamOwlTransformer - Unrecognized Term class:Zinkl
2023-07-19 11:38:58.304 WARN     [main]:fr.gouv.esante.smt.owl.ClamOwlTransformer - Unrecognized Term class:Zinkl
2023-07-19 11:38:58.304 WARN     [main]:fr.gouv.esante.smt.owl.ClamOwlTransformer - Unrecognized Term class:Zinkl
2023-07-19 11:38:58.305 WARN     [main]:fr.gouv.esante.smt.owl.ClamOwlTransformer - Unrecognized Term class:Zinkl
2023-07-19 11:38:58.305 WARN     [main]:fr.gouv.esante.smt.owl.ClamOwlTransformer - Unrecognized Term class:Zinkl
2023-07-19 11:38:58.305 WARN     [main]:fr.gouv.esante.smt.owl.ClamOwlTransformer - Unrecognized Term class:Zinkl
2023-07-19 11:38:58.305 WARN     [main]:fr.gouv.esante.smt.owl.ClamOwlTransformer - Unrecognized Term class:Zinkl
2023-07-19 11:38:58.437 INFO     [main]:fr.gouv.esante.smt.owl.ClamOwlTransformer - creation class code
2023-07-19 11:38:58.883 INFO     [main]:fr.gouv.esante.smt.owl.ClamOwlTransformer - ajout ontologie metadonnées
2023-07-19 16:19:05.753 INFO     [main]:fr.gouv.esante.smt.owl.ClamOwlTransformer - creation ontologie structure
2023-07-19 16:19:05.797 INFO     [main]:fr.gouv.esante.smt.owl.ClamOwlTransformer - ajout ontologie IRI
2023-07-19 16:19:07.322 WARN     [main]:fr.gouv.esante.smt.owl.ClamOwlTransformer - Ignoring non-String label contents on Label (Table)
2023-07-19 16:19:07.756 WARN     [main]:fr.gouv.esante.smt.owl.ClamOwlTransformer - Unrecognized Term class:superscript
2023-07-19 16:19:07.756 WARN     [main]:fr.gouv.esante.smt.owl.ClamOwlTransformer - Unrecognized Term class:superscript
2023-07-19 16:19:08.061 WARN     [main]:fr.gouv.esante.smt.owl.ClamOwlTransformer - Unrecognized Term class:Zinkl
2023-07-19 16:19:08.061 WARN     [main]:fr.gouv.esante.smt.owl.ClamOwlTransformer - Unrecognized Term class:Zinkl
2023-07-19 16:19:08.062 WARN     [main]:fr.gouv.esante.smt.owl.ClamOwlTransformer - Unrecognized Term class:Zinkl
2023-07-19 16:19:08.062 WARN     [main]:fr.gouv.esante.smt.owl.ClamOwlTransformer - Unrecognized Term class:Zinkl
2023-07-19 16:19:08.062 WARN     [main]:fr.gouv.esante.smt.owl.ClamOwlTransformer - Unrecognized Term class:Zinkl
2023-07-19 16:19:08.063 WARN     [main]:fr.gouv.esante.smt.owl.ClamOwlTransformer - Unrecognized Term class:Zinkl
2023-07-19 16:19:08.063 WARN     [main]:fr.gouv.esante.smt.owl.ClamOwlTransformer - Unrecognized Term class:Zinkl
2023-07-19 16:19:08.063 WARN     [main]:fr.gouv.esante.smt.owl.ClamOwlTransformer - Unrecognized Term class:Zinkl
2023-07-19 16:19:08.063 WARN     [main]:fr.gouv.esante.smt.owl.ClamOwlTransformer - Unrecognized Term class:Zinkl
2023-07-19 16:19:08.063 WARN     [main]:fr.gouv.esante.smt.owl.ClamOwlTransformer - Unrecognized Term class:Zinkl
2023-07-19 16:19:08.064 WARN     [main]:fr.gouv.esante.smt.owl.ClamOwlTransformer - Unrecognized Term class:Zinkl
2023-07-19 16:19:08.065 WARN     [main]:fr.gouv.esante.smt.owl.ClamOwlTransformer - Unrecognized Term class:Zinkl
2023-07-19 16:19:08.065 WARN     [main]:fr.gouv.esante.smt.owl.ClamOwlTransformer - Unrecognized Term class:Zinkl
2023-07-19 16:19:08.065 WARN     [main]:fr.gouv.esante.smt.owl.ClamOwlTransformer - Unrecognized Term class:Zinkl
2023-07-19 16:19:08.066 WARN     [main]:fr.gouv.esante.smt.owl.ClamOwlTransformer - Unrecognized Term class:Zinkl
2023-07-19 16:19:08.066 WARN     [main]:fr.gouv.esante.smt.owl.ClamOwlTransformer - Unrecognized Term class:Zinkl
2023-07-19 16:19:08.066 WARN     [main]:fr.gouv.esante.smt.owl.ClamOwlTransformer - Unrecognized Term class:Zinkl
2023-07-19 16:19:08.066 WARN     [main]:fr.gouv.esante.smt.owl.ClamOwlTransformer - Unrecognized Term class:Zinkl
2023-07-19 16:19:08.067 WARN     [main]:fr.gouv.esante.smt.owl.ClamOwlTransformer - Unrecognized Term class:Zinkl
2023-07-19 16:19:08.067 WARN     [main]:fr.gouv.esante.smt.owl.ClamOwlTransformer - Unrecognized Term class:Zinkl
2023-07-19 16:19:08.067 WARN     [main]:fr.gouv.esante.smt.owl.ClamOwlTransformer - Unrecognized Term class:Zinkl
2023-07-19 16:19:08.241 INFO     [main]:fr.gouv.esante.smt.owl.ClamOwlTransformer - creation class code
2023-07-19 16:19:08.801 INFO     [main]:fr.gouv.esante.smt.owl.ClamOwlTransformer - ajout ontologie metadonnées
